<?xml version="1.0" encoding="UTF-8"?>
<testng-results ignored="0" total="5" passed="5" failed="0" skipped="0">
  <reporter-output>
  </reporter-output>
  <suite started-at="2025-02-19T13:41:34Z" name="Suite" finished-at="2025-02-19T13:42:03Z" duration-ms="29294">
    <groups>
      <group name="Purchase">
        <method signature="SubmitOrderTest.submitOrder(java.util.HashMap)[pri:0, instance:rahulshettyacademy.tests.SubmitOrderTest@1e63ec0b]" name="submitOrder" class="rahulshettyacademy.tests.SubmitOrderTest"/>
      </group> <!-- Purchase -->
      <group name="ErrorHandling">
        <method signature="ErrorValidationsTest.LoginErrorValidation()[pri:0, instance:rahulshettyacademy.tests.ErrorValidationsTest@73db4768]" name="LoginErrorValidation" class="rahulshettyacademy.tests.ErrorValidationsTest"/>
      </group> <!-- ErrorHandling -->
    </groups>
    <test started-at="2025-02-19T13:41:34Z" name="Error Validations Test" finished-at="2025-02-19T13:41:50Z" duration-ms="16016">
      <class name="rahulshettyacademy.tests.ErrorValidationsTest">
        <test-method is-config="true" signature="launchApplication()[pri:0, instance:rahulshettyacademy.tests.ErrorValidationsTest@73db4768]" started-at="2025-02-19T13:41:34Z" name="launchApplication" finished-at="2025-02-19T13:41:40Z" duration-ms="5933" status="PASS">
          <reporter-output>
          </reporter-output>
        </test-method> <!-- launchApplication -->
        <test-method signature="LoginErrorValidation()[pri:0, instance:rahulshettyacademy.tests.ErrorValidationsTest@73db4768]" started-at="2025-02-19T13:41:40Z" name="LoginErrorValidation" finished-at="2025-02-19T13:41:41Z" duration-ms="706" status="PASS">
          <reporter-output>
          </reporter-output>
        </test-method> <!-- LoginErrorValidation -->
        <test-method is-config="true" signature="tearDown()[pri:0, instance:rahulshettyacademy.tests.ErrorValidationsTest@73db4768]" started-at="2025-02-19T13:41:41Z" name="tearDown" finished-at="2025-02-19T13:41:41Z" duration-ms="102" status="PASS">
          <reporter-output>
          </reporter-output>
        </test-method> <!-- tearDown -->
        <test-method is-config="true" signature="launchApplication()[pri:0, instance:rahulshettyacademy.tests.ErrorValidationsTest@73db4768]" started-at="2025-02-19T13:41:41Z" name="launchApplication" finished-at="2025-02-19T13:41:47Z" duration-ms="6211" status="PASS">
          <reporter-output>
          </reporter-output>
        </test-method> <!-- launchApplication -->
        <test-method signature="ProductErrorValidation()[pri:0, instance:rahulshettyacademy.tests.ErrorValidationsTest@73db4768]" started-at="2025-02-19T13:41:47Z" name="ProductErrorValidation" finished-at="2025-02-19T13:41:50Z" duration-ms="2554" status="PASS">
          <reporter-output>
          </reporter-output>
        </test-method> <!-- ProductErrorValidation -->
        <test-method is-config="true" signature="tearDown()[pri:0, instance:rahulshettyacademy.tests.ErrorValidationsTest@73db4768]" started-at="2025-02-19T13:41:50Z" name="tearDown" finished-at="2025-02-19T13:41:50Z" duration-ms="78" status="PASS">
          <reporter-output>
          </reporter-output>
        </test-method> <!-- tearDown -->
      </class> <!-- rahulshettyacademy.tests.ErrorValidationsTest -->
    </test> <!-- Error Validations Test -->
    <test started-at="2025-02-19T13:41:34Z" name="Submit Order Test" finished-at="2025-02-19T13:42:03Z" duration-ms="29294">
      <class name="rahulshettyacademy.tests.SubmitOrderTest">
        <test-method is-config="true" signature="launchApplication()[pri:0, instance:rahulshettyacademy.tests.SubmitOrderTest@1e63ec0b]" started-at="2025-02-19T13:41:34Z" name="launchApplication" finished-at="2025-02-19T13:41:42Z" duration-ms="8126" status="PASS">
          <reporter-output>
          </reporter-output>
        </test-method> <!-- launchApplication -->
        <test-method signature="submitOrder(java.util.HashMap)[pri:0, instance:rahulshettyacademy.tests.SubmitOrderTest@1e63ec0b]" started-at="2025-02-19T13:41:42Z" name="submitOrder" data-provider="getData" finished-at="2025-02-19T13:41:46Z" duration-ms="3654" status="PASS">
          <params>
            <param index="0">
              <value>
                <![CDATA[{password=Sherl@ckHo1mes, product=ZARA COAT 3, email=sherlockholmes@gmail.com}]]>
              </value>
            </param>
          </params>
          <reporter-output>
          </reporter-output>
        </test-method> <!-- submitOrder -->
        <test-method is-config="true" signature="tearDown()[pri:0, instance:rahulshettyacademy.tests.SubmitOrderTest@1e63ec0b]" started-at="2025-02-19T13:41:46Z" name="tearDown" finished-at="2025-02-19T13:41:46Z" duration-ms="124" status="PASS">
          <reporter-output>
          </reporter-output>
        </test-method> <!-- tearDown -->
        <test-method is-config="true" signature="launchApplication()[pri:0, instance:rahulshettyacademy.tests.SubmitOrderTest@1e63ec0b]" started-at="2025-02-19T13:41:46Z" name="launchApplication" finished-at="2025-02-19T13:41:52Z" duration-ms="5414" status="PASS">
          <reporter-output>
          </reporter-output>
        </test-method> <!-- launchApplication -->
        <test-method signature="submitOrder(java.util.HashMap)[pri:0, instance:rahulshettyacademy.tests.SubmitOrderTest@1e63ec0b]" started-at="2025-02-19T13:41:52Z" name="submitOrder" data-provider="getData" finished-at="2025-02-19T13:41:56Z" duration-ms="4049" status="PASS">
          <params>
            <param index="0">
              <value>
                <![CDATA[{password=Sherl@ckHo1mes, product=ADIDAS ORIGINAL, email=sherlockholmes@gmail.com}]]>
              </value>
            </param>
          </params>
          <reporter-output>
          </reporter-output>
        </test-method> <!-- submitOrder -->
        <test-method is-config="true" signature="tearDown()[pri:0, instance:rahulshettyacademy.tests.SubmitOrderTest@1e63ec0b]" started-at="2025-02-19T13:41:56Z" name="tearDown" finished-at="2025-02-19T13:41:56Z" duration-ms="98" status="PASS">
          <reporter-output>
          </reporter-output>
        </test-method> <!-- tearDown -->
        <test-method is-config="true" signature="launchApplication()[pri:0, instance:rahulshettyacademy.tests.SubmitOrderTest@1e63ec0b]" started-at="2025-02-19T13:41:56Z" name="launchApplication" finished-at="2025-02-19T13:42:02Z" duration-ms="6143" status="PASS">
          <reporter-output>
          </reporter-output>
        </test-method> <!-- launchApplication -->
        <test-method signature="OrderHistoryTest()[pri:0, instance:rahulshettyacademy.tests.SubmitOrderTest@1e63ec0b]" started-at="2025-02-19T13:42:02Z" name="OrderHistoryTest" finished-at="2025-02-19T13:42:03Z" depends-on-methods="rahulshettyacademy.tests.SubmitOrderTest.submitOrder" duration-ms="1267" status="PASS">
          <reporter-output>
          </reporter-output>
        </test-method> <!-- OrderHistoryTest -->
        <test-method is-config="true" signature="tearDown()[pri:0, instance:rahulshettyacademy.tests.SubmitOrderTest@1e63ec0b]" started-at="2025-02-19T13:42:03Z" name="tearDown" finished-at="2025-02-19T13:42:03Z" duration-ms="138" status="PASS">
          <reporter-output>
          </reporter-output>
        </test-method> <!-- tearDown -->
      </class> <!-- rahulshettyacademy.tests.SubmitOrderTest -->
    </test> <!-- Submit Order Test -->
  </suite> <!-- Suite -->
</testng-results>
